cl : command line warning D9035: option 'Gm' has been deprecated and will be removed in a future release
  print.c
  lzio.c
  lvm.c
G:\Elsword\JP_TW_EU_CN_US\Trunk\luaLib\lvm.c(53,5): warning C4996: 'sprintf': This function or variable may be unsafe. Consider using sprintf_s instead. To disable deprecation, use _CRT_SECURE_NO_WARNINGS. See online help for details.
  lundump.c
  lua.c
G:\Elsword\JP_TW_EU_CN_US\Trunk\luaLib\lua.c(324,22): warning C4996: 'getenv': This function or variable may be unsafe. Consider using _dupenv_s instead. To disable deprecation, use _CRT_SECURE_NO_WARNINGS. See online help for details.
  ltm.c
  ltests.c
  ltablib.c
  ltable.c
  lstrlib.c
G:\Elsword\JP_TW_EU_CN_US\Trunk\luaLib\lstrlib.c(740,3): warning C4996: 'strncpy': This function or variable may be unsafe. Consider using strncpy_s instead. To disable deprecation, use _CRT_SECURE_NO_WARNINGS. See online help for details.
G:\Elsword\JP_TW_EU_CN_US\Trunk\luaLib\lstrlib.c(750,3): warning C4996: 'strcpy': This function or variable may be unsafe. Consider using strcpy_s instead. To disable deprecation, use _CRT_SECURE_NO_WARNINGS. See online help for details.
G:\Elsword\JP_TW_EU_CN_US\Trunk\luaLib\lstrlib.c(775,11): warning C4996: 'sprintf': This function or variable may be unsafe. Consider using sprintf_s instead. To disable deprecation, use _CRT_SECURE_NO_WARNINGS. See online help for details.
G:\Elsword\JP_TW_EU_CN_US\Trunk\luaLib\lstrlib.c(780,11): warning C4996: 'sprintf': This function or variable may be unsafe. Consider using sprintf_s instead. To disable deprecation, use _CRT_SECURE_NO_WARNINGS. See online help for details.
G:\Elsword\JP_TW_EU_CN_US\Trunk\luaLib\lstrlib.c(785,11): warning C4996: 'sprintf': This function or variable may be unsafe. Consider using sprintf_s instead. To disable deprecation, use _CRT_SECURE_NO_WARNINGS. See online help for details.
G:\Elsword\JP_TW_EU_CN_US\Trunk\luaLib\lstrlib.c(790,11): warning C4996: 'sprintf': This function or variable may be unsafe. Consider using sprintf_s instead. To disable deprecation, use _CRT_SECURE_NO_WARNINGS. See online help for details.
G:\Elsword\JP_TW_EU_CN_US\Trunk\luaLib\lstrlib.c(808,13): warning C4996: 'sprintf': This function or variable may be unsafe. Consider using sprintf_s instead. To disable deprecation, use _CRT_SECURE_NO_WARNINGS. See online help for details.
  lstring.c
  lstate.c
  lparser.c
  loslib.c
G:\Elsword\JP_TW_EU_CN_US\Trunk\luaLib\loslib.c(31,44): warning C4996: 'strerror': This function or variable may be unsafe. Consider using strerror_s instead. To disable deprecation, use _CRT_SECURE_NO_WARNINGS. See online help for details.
G:\Elsword\JP_TW_EU_CN_US\Trunk\luaLib\loslib.c(60,3): warning C4996: 'tmpnam': This function or variable may be unsafe. Consider using tmpnam_s instead. To disable deprecation, use _CRT_SECURE_NO_WARNINGS. See online help for details.
G:\Elsword\JP_TW_EU_CN_US\Trunk\luaLib\loslib.c(69,21): warning C4996: 'getenv': This function or variable may be unsafe. Consider using _dupenv_s instead. To disable deprecation, use _CRT_SECURE_NO_WARNINGS. See online help for details.
G:\Elsword\JP_TW_EU_CN_US\Trunk\luaLib\loslib.c(129,11): warning C4996: 'gmtime': This function or variable may be unsafe. Consider using gmtime_s instead. To disable deprecation, use _CRT_SECURE_NO_WARNINGS. See online help for details.
G:\Elsword\JP_TW_EU_CN_US\Trunk\luaLib\loslib.c(133,11): warning C4996: 'localtime': This function or variable may be unsafe. Consider using localtime_s instead. To disable deprecation, use _CRT_SECURE_NO_WARNINGS. See online help for details.
  lopcodes.c
  lobject.c
G:\Elsword\JP_TW_EU_CN_US\Trunk\luaLib\lobject.c(145,9): warning C4996: 'sprintf': This function or variable may be unsafe. Consider using sprintf_s instead. To disable deprecation, use _CRT_SECURE_NO_WARNINGS. See online help for details.
G:\Elsword\JP_TW_EU_CN_US\Trunk\luaLib\lobject.c(184,5): warning C4996: 'strncpy': This function or variable may be unsafe. Consider using strncpy_s instead. To disable deprecation, use _CRT_SECURE_NO_WARNINGS. See online help for details.
G:\Elsword\JP_TW_EU_CN_US\Trunk\luaLib\lobject.c(193,7): warning C4996: 'strcpy': This function or variable may be unsafe. Consider using strcpy_s instead. To disable deprecation, use _CRT_SECURE_NO_WARNINGS. See online help for details.
G:\Elsword\JP_TW_EU_CN_US\Trunk\luaLib\lobject.c(196,9): warning C4996: 'strcat': This function or variable may be unsafe. Consider using strcat_s instead. To disable deprecation, use _CRT_SECURE_NO_WARNINGS. See online help for details.
G:\Elsword\JP_TW_EU_CN_US\Trunk\luaLib\lobject.c(198,7): warning C4996: 'strcat': This function or variable may be unsafe. Consider using strcat_s instead. To disable deprecation, use _CRT_SECURE_NO_WARNINGS. See online help for details.
G:\Elsword\JP_TW_EU_CN_US\Trunk\luaLib\lobject.c(204,7): warning C4996: 'strcpy': This function or variable may be unsafe. Consider using strcpy_s instead. To disable deprecation, use _CRT_SECURE_NO_WARNINGS. See online help for details.
G:\Elsword\JP_TW_EU_CN_US\Trunk\luaLib\lobject.c(206,9): warning C4996: 'strncat': This function or variable may be unsafe. Consider using strncat_s instead. To disable deprecation, use _CRT_SECURE_NO_WARNINGS. See online help for details.
G:\Elsword\JP_TW_EU_CN_US\Trunk\luaLib\lobject.c(207,9): warning C4996: 'strcat': This function or variable may be unsafe. Consider using strcat_s instead. To disable deprecation, use _CRT_SECURE_NO_WARNINGS. See online help for details.
G:\Elsword\JP_TW_EU_CN_US\Trunk\luaLib\lobject.c(210,9): warning C4996: 'strcat': This function or variable may be unsafe. Consider using strcat_s instead. To disable deprecation, use _CRT_SECURE_NO_WARNINGS. See online help for details.
G:\Elsword\JP_TW_EU_CN_US\Trunk\luaLib\lobject.c(211,7): warning C4996: 'strcat': This function or variable may be unsafe. Consider using strcat_s instead. To disable deprecation, use _CRT_SECURE_NO_WARNINGS. See online help for details.
  loadlib.c
G:\Elsword\JP_TW_EU_CN_US\Trunk\luaLib\loadlib.c(333,13): warning C4996: 'fopen': This function or variable may be unsafe. Consider using fopen_s instead. To disable deprecation, use _CRT_SECURE_NO_WARNINGS. See online help for details.
G:\Elsword\JP_TW_EU_CN_US\Trunk\luaLib\loadlib.c(594,22): warning C4996: 'getenv': This function or variable may be unsafe. Consider using _dupenv_s instead. To disable deprecation, use _CRT_SECURE_NO_WARNINGS. See online help for details.
  lmem.c
  lmathlib.c
  llex.c
  Generating Code...
  Compiling...
  liolib.c
G:\Elsword\JP_TW_EU_CN_US\Trunk\luaLib\liolib.c(39,46): warning C4996: 'strerror': This function or variable may be unsafe. Consider using strerror_s instead. To disable deprecation, use _CRT_SECURE_NO_WARNINGS. See online help for details.
G:\Elsword\JP_TW_EU_CN_US\Trunk\luaLib\liolib.c(41,32): warning C4996: 'strerror': This function or variable may be unsafe. Consider using strerror_s instead. To disable deprecation, use _CRT_SECURE_NO_WARNINGS. See online help for details.
G:\Elsword\JP_TW_EU_CN_US\Trunk\luaLib\liolib.c(49,42): warning C4996: 'strerror': This function or variable may be unsafe. Consider using strerror_s instead. To disable deprecation, use _CRT_SECURE_NO_WARNINGS. See online help for details.
G:\Elsword\JP_TW_EU_CN_US\Trunk\luaLib\liolib.c(165,9): warning C4996: 'fopen': This function or variable may be unsafe. Consider using fopen_s instead. To disable deprecation, use _CRT_SECURE_NO_WARNINGS. See online help for details.
G:\Elsword\JP_TW_EU_CN_US\Trunk\luaLib\liolib.c(185,9): warning C4996: 'tmpfile': This function or variable may be unsafe. Consider using tmpfile_s instead. To disable deprecation, use _CRT_SECURE_NO_WARNINGS. See online help for details.
G:\Elsword\JP_TW_EU_CN_US\Trunk\luaLib\liolib.c(205,13): warning C4996: 'fopen': This function or variable may be unsafe. Consider using fopen_s instead. To disable deprecation, use _CRT_SECURE_NO_WARNINGS. See online help for details.
G:\Elsword\JP_TW_EU_CN_US\Trunk\luaLib\liolib.c(257,11): warning C4996: 'fopen': This function or variable may be unsafe. Consider using fopen_s instead. To disable deprecation, use _CRT_SECURE_NO_WARNINGS. See online help for details.
G:\Elsword\JP_TW_EU_CN_US\Trunk\luaLib\liolib.c(275,7): warning C4996: 'fscanf': This function or variable may be unsafe. Consider using fscanf_s instead. To disable deprecation, use _CRT_SECURE_NO_WARNINGS. See online help for details.
G:\Elsword\JP_TW_EU_CN_US\Trunk\luaLib\liolib.c(395,32): warning C4996: 'strerror': This function or variable may be unsafe. Consider using strerror_s instead. To disable deprecation, use _CRT_SECURE_NO_WARNINGS. See online help for details.
  linit.c
  lgc.c
  lfunc.c
  ldump.c
  ldo.c
  ldebug.c
  ldblib.c
  lcode.c
  lbaselib.c
  lauxlib.c
G:\Elsword\JP_TW_EU_CN_US\Trunk\luaLib\lauxlib.c(547,22): warning C4996: 'strerror': This function or variable may be unsafe. Consider using strerror_s instead. To disable deprecation, use _CRT_SECURE_NO_WARNINGS. See online help for details.
G:\Elsword\JP_TW_EU_CN_US\Trunk\luaLib\lauxlib.c(567,12): warning C4996: 'fopen': This function or variable may be unsafe. Consider using fopen_s instead. To disable deprecation, use _CRT_SECURE_NO_WARNINGS. See online help for details.
G:\Elsword\JP_TW_EU_CN_US\Trunk\luaLib\lauxlib.c(581,12): warning C4996: 'freopen': This function or variable may be unsafe. Consider using freopen_s instead. To disable deprecation, use _CRT_SECURE_NO_WARNINGS. See online help for details.
  lapi.c
  lua_tinker.cpp
G:\Elsword\JP_TW_EU_CN_US\Trunk\LuaCommon\lua_tinker.cpp(28,2): warning C4996: 'sprintf': This function or variable may be unsafe. Consider using sprintf_s instead. To disable deprecation, use _CRT_SECURE_NO_WARNINGS. See online help for details.
G:\Elsword\JP_TW_EU_CN_US\Trunk\LuaCommon\lua_tinker.cpp(90,2): warning C4996: 'sprintf': This function or variable may be unsafe. Consider using sprintf_s instead. To disable deprecation, use _CRT_SECURE_NO_WARNINGS. See online help for details.
G:\Elsword\JP_TW_EU_CN_US\Trunk\LuaCommon\lua_tinker.cpp(259,2): warning C4996: 'vsprintf': This function or variable may be unsafe. Consider using vsprintf_s instead. To disable deprecation, use _CRT_SECURE_NO_WARNINGS. See online help for details.
G:\Elsword\JP_TW_EU_CN_US\Trunk\LuaCommon\lua_tinker.cpp(458,3): warning C4996: 'strncpy': This function or variable may be unsafe. Consider using strncpy_s instead. To disable deprecation, use _CRT_SECURE_NO_WARNINGS. See online help for details.
  KLuaManager.cpp
  KLuabinder.cpp
  Generating Code...
  luaLib_2010.vcxproj -> G:\Elsword\JP_TW_EU_CN_US\Trunk\luaLib\..\KTDXLIB\luaLibD.lib
